Microsoft HTML Help Compiler 4.74.8702

Compiling c:\temp\kfw\cvs-tree\pismere\athena\auth\leash\htmlhelp\leash32.chm

HHC4002: Warning: The alias "HID_KERBEROS_PROPERTIES_ADDHOST" is defined more then once. Only the first alias will be used.
html\leash_topic_why_use.htm
html\leash_topic_leash_help_topics.htm
html\leash_topic_leash_window.htm
html\leash_topic_leash_systray.htm
html\leash_menu_commands.htm
html\leash_file_exit.htm
html\leash_command_get_tickets.htm
html\leash_command_import_tickets.htm
html\leash_command_renew_tickets.htm
html\leash_command_destroy_tickets.htm
html\leash_command_change_password.htm
html\leash_topic_password_choice.htm
html\leash_command_reset_window.htm
html\leash_command_sync_time.htm
html\leash_command_update_display.htm
html\leash_view_large_icons.htm
html\leash_view_toolbar.htm
html\leash_view_status_bar.htm
html\leash_view_debug_window.htm
html\leash_option_auto_renewal.htm
html\leash_option_destroy_tickets_on_exit.htm
html\leash_option_expiration_alarm.htm
html\leash_option_upper_case_realm.htm
html\leash_option_leash_properties.htm
html\leash_option_kerberos_properties.htm
html\leash_option_krb4_properties.htm
html\leash_option_krb5_properties.htm
html\leash_option_afs_properties.htm
html\leash_menu_help_why_use.htm
html\leash_help_about_leash32.htm
html\leash_topic_kerberos_help_topics.htm
html\leash_topic_about_kerberos.htm
html\leash_topic_kerberos_names.htm
html\leash_topic_kerberos_tickets.htm
html\leash_topic_kerberos_command_prompt.htm
html\leash_topic_timing_issues.htm
html\leash_external_kdestroy.htm
html\leash_external_kinit.htm
html\leash_external_klist.htm
html\leash_external_ms2mit.htm
html\leash_external_aklog.htm
html\leash_topic_kerberos_principals.htm
html\leash_topic_kerberos_auth_service.htm
html\leash_manpages.htm
html\leash_manpage_kinit.htm
html\leash_manpage_klist.htm
html\leash_manpage_kdestroy.htm
html\leash_manpage_ms2mit.htm
html\leash_manpage_aklog.htm
html\leash_errors.htm
html\leash_topic_error_8.htm
html\leash_topic_error_57.htm
html\leash_topic_error_62.htm
html\leash_topic_error_invalid_principal.htm
html\leash_topic_online_help.htm
html\leash_copyright.htm
html\leash_kerberos_copyright.htm
html\leash_export.htm
html\leash_bug_reports.htm
html\leash_acknowledgements.htm
html\hid_view_toolbar.htm
html\afx_hidw_toolbar.htm
html\hid_view_status_bar.htm
html\afx_hidw_status_bar.htm
html\hid_app_about.htm
html\hid_app_exit.htm
html\hid_help_index.htm
html\hid_help_using.htm
html\hid_context_help.htm
html\hid_sc_size.htm
html\hid_sc_move.htm
html\hid_sc_minimize.htm
html\hid_sc_maximize.htm
html\hid_sc_close.htm
html\hid_sc_restore.htm
Table of Contents.hhc
leash32.hhk
Table of Contents.hhc
Images\Leash_display_window.jpg
Images\Leash_systray_icons.jpg
Images\Leash_systray_menu.jpg
Images\Leash_menu_file.jpg
Images\leash_menu_action.jpg
Images\Leash_menu_view.jpg
Images\Leash_menu_options.jpg
Images\Leash_menu_help.jpg
Images\Leash_init_ticket_advanced.jpg
Images\Leash_init_ticket_basic.jpg
Images\Leash_change_password.jpg
Images\Leash_toolbar.jpg
Images\Leash_debug_window.jpg
Images\Leash_properties_leash.jpg
Images\Leash_properties_krb_1.jpg
Images\Leash_properties_krb_2.jpg
Images\Leash_properties_krb_3.jpg
Images\Leash_properties_krb_4.jpg
Images\Leash_properties_krb4.jpg
Images\Leash_properties_krb5_1.jpg
Images\Leash_properties_krb5_2.jpg
Images\Leash_properties_afs.jpg
Images\Leash_about_leash.jpg
Images\Kerberos_auth_serv_fig_5.jpg
Images\Kerberos_auth_serv_fig_6.jpg
Images\Kerberos_auth_serv_fig_7.jpg
Images\Kerberos_auth_serv_fig_8.jpg
Images\Kerberos_auth_serv_fig_9.jpg
Images\Kerberos_auth_serv_fig_10.jpg
Images\Kerberos_auth_serv_fig_11.jpg
Images\Kerberos_auth_serv_fig_12.jpg
Images\Kerberos_auth_serv_fig_13.jpg

Compile time: 0 minutes, 3 seconds
80	Topics
257	Local links
22	Internet links
32	Graphics


Created c:\temp\kfw\cvs-tree\pismere\athena\auth\leash\htmlhelp\leash32.chm, 691,944 bytes
Compression decreased file by 240,157 bytes.
